<?xml version="1.0" encoding="UTF-8"?>
<persistence version="2.0" xmlns="http://java.sun.com/xml/ns/persistence" xmlns:xsi="http://www.w3.org/2001/XMLSchema-instance" xsi:schemaLocation="http://java.sun.com/xml/ns/persistence http://java.sun.com/xml/ns/persistence/persistence_2_0.xsd">
    <persistence-unit name="persistenceUnit" transaction-type="JTA">
        <provider>org.eclipse.persistence.jpa.PersistenceProvider</provider>
        <jta-data-source>jdbc/aclws</jta-data-source>
        <class>com.bergcomputers.domain.BaseEntity</class>
        <class>com.bergcomputers.domain.Currency</class>
        <class>com.bergcomputers.domain.Beneficiary</class>
         <class>com.bergcomputers.domain.Account</class>
        <class>com.bergcomputers.domain.Transaction</class>
 
        <properties>
<!--      <property name="eclipselink.ddl-generation" value="create-tables"/>
      <property name="eclipselink.application-location" value="D:/training/aplicatiifacute/nwksp/aclws/target/"/>
      <property name="eclipselink.create-ddl-jdbc-file-name" value="testwsjavadb.sql"/>-->
            <property name="eclipselink.target-server" value="SunAS9"/>
            <property name="eclipselink.logging.level" value="FINEST"/>
            <property name="eclipselink.logging.parameters" value="true"/>
            <property name="javax.persistence.query.timeout" value="10"/>
            <property name="javax.persistence.lock.timeout" value="10"/>
            <property name="eclipselink.ddl-generation" value="drop-and-create-tables"/>
        </properties>
    </persistence-unit>
<!--  <persistence-unit name="itemDataBase" transaction-type="JTA">
    <provider>org.eclipse.persistence.jpa.PersistenceProvider</provider>
    <jta-data-source>jdbc/itemDataBase</jta-data-source>
    <properties>
      <property name="eclipselink.ddl-generation" value="drop-and-create-tables"/>
    </properties>
  </persistence-unit>-->
</persistence>